<?xml version="1.0" encoding="UTF-8"?>
<testsuite xmlns:xsi="http://www.w3.org/2001/XMLSchema-instance" xsi:noNamespaceSchemaLocation="https://maven.apache.org/surefire/maven-surefire-plugin/xsd/surefire-test-report-3.0.xsd" version="3.0" name="com.cu.cukes.runners.RunCukeTest" time="11.12" tests="9" errors="0" skipped="0" failures="0">
  <properties>
    <property name="java.specification.version" value="17"/>
    <property name="sun.cpu.isalist" value="amd64"/>
    <property name="sun.jnu.encoding" value="Cp1252"/>
    <property name="java.class.path" value="C:\Users\pasya\Documents\Automation Tests\CUAutoTest\target\classes;C:\Users\pasya\Documents\Automation Tests\CUAutoTest\target\classes;C:\Users\pasya\.m2\repository\io\github\bonigarcia\webdrivermanager\5.8.0\webdrivermanager-5.8.0.jar;C:\Users\pasya\.m2\repository\com\google\code\gson\gson\2.10.1\gson-2.10.1.jar;C:\Users\pasya\.m2\repository\com\github\docker-java\docker-java\3.3.6\docker-java-3.3.6.jar;C:\Users\pasya\.m2\repository\com\github\docker-java\docker-java-core\3.3.6\docker-java-core-3.3.6.jar;C:\Users\pasya\.m2\repository\com\github\docker-java\docker-java-api\3.3.6\docker-java-api-3.3.6.jar;C:\Users\pasya\.m2\repository\org\bouncycastle\bcpkix-jdk18on\1.76\bcpkix-jdk18on-1.76.jar;C:\Users\pasya\.m2\repository\org\bouncycastle\bcprov-jdk18on\1.76\bcprov-jdk18on-1.76.jar;C:\Users\pasya\.m2\repository\org\bouncycastle\bcutil-jdk18on\1.76\bcutil-jdk18on-1.76.jar;C:\Users\pasya\.m2\repository\org\slf4j\jcl-over-slf4j\1.7.30\jcl-over-slf4j-1.7.30.jar;C:\Users\pasya\.m2\repository\com\github\docker-java\docker-java-transport-httpclient5\3.3.6\docker-java-transport-httpclient5-3.3.6.jar;C:\Users\pasya\.m2\repository\com\github\docker-java\docker-java-transport\3.3.6\docker-java-transport-3.3.6.jar;C:\Users\pasya\.m2\repository\net\java\dev\jna\jna\5.13.0\jna-5.13.0.jar;C:\Users\pasya\.m2\repository\org\brotli\dec\0.1.2\dec-0.1.2.jar;C:\Users\pasya\.m2\repository\org\apache\commons\commons-compress\1.26.1\commons-compress-1.26.1.jar;C:\Users\pasya\.m2\repository\org\apache\httpcomponents\client5\httpclient5\5.2.1\httpclient5-5.2.1.jar;C:\Users\pasya\.m2\repository\org\apache\httpcomponents\core5\httpcore5\5.2\httpcore5-5.2.jar;C:\Users\pasya\.m2\repository\org\apache\httpcomponents\core5\httpcore5-h2\5.2\httpcore5-h2-5.2.jar;C:\Users\pasya\.m2\repository\org\junit\platform\junit-platform-surefire-provider\1.3.2\junit-platform-surefire-provider-1.3.2.jar;C:\Users\pasya\.m2\repository\org\apiguardian\apiguardian-api\1.0.0\apiguardian-api-1.0.0.jar;C:\Users\pasya\.m2\repository\org\junit\platform\junit-platform-launcher\1.3.2\junit-platform-launcher-1.3.2.jar;C:\Users\pasya\.m2\repository\org\apache\maven\surefire\surefire-api\2.22.0\surefire-api-2.22.0.jar;C:\Users\pasya\.m2\repository\org\apache\maven\surefire\surefire-logger-api\2.22.0\surefire-logger-api-2.22.0.jar;C:\Users\pasya\.m2\repository\org\apache\maven\surefire\common-java5\2.22.0\common-java5-2.22.0.jar;C:\Users\pasya\.m2\repository\org\junit\jupiter\junit-jupiter-engine\5.10.2\junit-jupiter-engine-5.10.2.jar;C:\Users\pasya\.m2\repository\org\junit\platform\junit-platform-engine\1.10.2\junit-platform-engine-1.10.2.jar;C:\Users\pasya\.m2\repository\org\junit\jupiter\junit-jupiter-api\5.11.0-M1\junit-jupiter-api-5.11.0-M1.jar;C:\Users\pasya\.m2\repository\org\opentest4j\opentest4j\1.3.0\opentest4j-1.3.0.jar;C:\Users\pasya\.m2\repository\org\junit\platform\junit-platform-commons\1.11.0-M1\junit-platform-commons-1.11.0-M1.jar;C:\Users\pasya\.m2\repository\org\apache\poi\poi\5.2.5\poi-5.2.5.jar;C:\Users\pasya\.m2\repository\org\apache\commons\commons-collections4\4.4\commons-collections4-4.4.jar;C:\Users\pasya\.m2\repository\org\apache\commons\commons-math3\3.6.1\commons-math3-3.6.1.jar;C:\Users\pasya\.m2\repository\com\zaxxer\SparseBitSet\1.3\SparseBitSet-1.3.jar;C:\Users\pasya\.m2\repository\org\apache\logging\log4j\log4j-api\2.21.1\log4j-api-2.21.1.jar;C:\Users\pasya\.m2\repository\org\apache\poi\poi-ooxml\5.2.5\poi-ooxml-5.2.5.jar;C:\Users\pasya\.m2\repository\org\apache\poi\poi-ooxml-lite\5.2.5\poi-ooxml-lite-5.2.5.jar;C:\Users\pasya\.m2\repository\org\apache\xmlbeans\xmlbeans\5.2.0\xmlbeans-5.2.0.jar;C:\Users\pasya\.m2\repository\com\github\virtuald\curvesapi\1.08\curvesapi-1.08.jar;C:\Users\pasya\.m2\repository\io\cucumber\cucumber-java\7.17.0\cucumber-java-7.17.0.jar;C:\Users\pasya\.m2\repository\io\cucumber\cucumber-junit\7.17.0\cucumber-junit-7.17.0.jar;C:\Users\pasya\.m2\repository\junit\junit\4.13.2\junit-4.13.2.jar;C:\Users\pasya\.m2\repository\org\hamcrest\hamcrest-core\1.3\hamcrest-core-1.3.jar;C:\Users\pasya\.m2\repository\io\cucumber\cucumber-core\7.17.0\cucumber-core-7.17.0.jar;C:\Users\pasya\.m2\repository\io\cucumber\cucumber-gherkin-messages\7.17.0\cucumber-gherkin-messages-7.17.0.jar;C:\Users\pasya\.m2\repository\io\cucumber\messages\24.1.0\messages-24.1.0.jar;C:\Users\pasya\.m2\repository\io\cucumber\testng-xml-formatter\0.1.0\testng-xml-formatter-0.1.0.jar;C:\Users\pasya\.m2\repository\io\cucumber\query\12.1.2\query-12.1.2.jar;C:\Users\pasya\.m2\repository\io\cucumber\tag-expressions\6.1.0\tag-expressions-6.1.0.jar;C:\Users\pasya\.m2\repository\io\cucumber\cucumber-expressions\17.1.0\cucumber-expressions-17.1.0.jar;C:\Users\pasya\.m2\repository\io\cucumber\datatable\7.17.0\datatable-7.17.0.jar;C:\Users\pasya\.m2\repository\io\cucumber\docstring\7.17.0\docstring-7.17.0.jar;C:\Users\pasya\.m2\repository\io\cucumber\html-formatter\21.3.1\html-formatter-21.3.1.jar;C:\Users\pasya\.m2\repository\io\cucumber\junit-xml-formatter\0.4.0\junit-xml-formatter-0.4.0.jar;C:\Users\pasya\.m2\repository\io\cucumber\ci-environment\10.0.1\ci-environment-10.0.1.jar;C:\Users\pasya\.m2\repository\io\cucumber\cucumber-picocontainer\7.17.0\cucumber-picocontainer-7.17.0.jar;C:\Users\pasya\.m2\repository\org\picocontainer\picocontainer\2.15\picocontainer-2.15.jar;C:\Users\pasya\.m2\repository\io\cucumber\cucumber-plugin\7.17.0\cucumber-plugin-7.17.0.jar;C:\Users\pasya\.m2\repository\io\cucumber\cucumber-gherkin\7.17.0\cucumber-gherkin-7.17.0.jar;C:\Users\pasya\.m2\repository\io\cucumber\cucumber-jvm-deps\1.0.6\cucumber-jvm-deps-1.0.6.jar;C:\Users\pasya\.m2\repository\org\junit\vintage\junit-vintage-engine\5.11.0-M1\junit-vintage-engine-5.11.0-M1.jar;C:\Users\pasya\.m2\repository\org\apache\commons\commons-lang3\3.14.0\commons-lang3-3.14.0.jar;C:\Users\pasya\.m2\repository\org\slf4j\slf4j-jdk14\2.0.13\slf4j-jdk14-2.0.13.jar;C:\Users\pasya\.m2\repository\org\slf4j\slf4j-api\2.0.12\slf4j-api-2.0.12.jar;C:\Users\pasya\.m2\repository\com\fasterxml\jackson\dataformat\jackson-dataformat-yaml\2.17.0-rc1\jackson-dataformat-yaml-2.17.0-rc1.jar;C:\Users\pasya\.m2\repository\com\fasterxml\jackson\core\jackson-databind\2.17.0-rc1\jackson-databind-2.17.0-rc1.jar;C:\Users\pasya\.m2\repository\com\fasterxml\jackson\core\jackson-annotations\2.17.0-rc1\jackson-annotations-2.17.0-rc1.jar;C:\Users\pasya\.m2\repository\org\yaml\snakeyaml\2.2\snakeyaml-2.2.jar;C:\Users\pasya\.m2\repository\com\fasterxml\jackson\core\jackson-core\2.17.0-rc1\jackson-core-2.17.0-rc1.jar;C:\Users\pasya\.m2\repository\org\seleniumhq\selenium\selenium-remote-driver\4.20.0\selenium-remote-driver-4.20.0.jar;C:\Users\pasya\.m2\repository\com\google\auto\service\auto-service-annotations\1.1.1\auto-service-annotations-1.1.1.jar;C:\Users\pasya\.m2\repository\com\google\guava\guava\33.1.0-jre\guava-33.1.0-jre.jar;C:\Users\pasya\.m2\repository\com\google\guava\failureaccess\1.0.2\failureaccess-1.0.2.jar;C:\Users\pasya\.m2\repository\com\google\guava\listenablefuture\9999.0-empty-to-avoid-conflict-with-guava\listenablefuture-9999.0-empty-to-avoid-conflict-with-guava.jar;C:\Users\pasya\.m2\repository\com\google\code\findbugs\jsr305\3.0.2\jsr305-3.0.2.jar;C:\Users\pasya\.m2\repository\org\checkerframework\checker-qual\3.42.0\checker-qual-3.42.0.jar;C:\Users\pasya\.m2\repository\com\google\errorprone\error_prone_annotations\2.26.1\error_prone_annotations-2.26.1.jar;C:\Users\pasya\.m2\repository\com\google\j2objc\j2objc-annotations\3.0.0\j2objc-annotations-3.0.0.jar;C:\Users\pasya\.m2\repository\io\opentelemetry\semconv\opentelemetry-semconv\1.25.0-alpha\opentelemetry-semconv-1.25.0-alpha.jar;C:\Users\pasya\.m2\repository\io\opentelemetry\opentelemetry-api\1.37.0\opentelemetry-api-1.37.0.jar;C:\Users\pasya\.m2\repository\io\opentelemetry\opentelemetry-context\1.37.0\opentelemetry-context-1.37.0.jar;C:\Users\pasya\.m2\repository\io\opentelemetry\opentelemetry-exporter-logging\1.37.0\opentelemetry-exporter-logging-1.37.0.jar;C:\Users\pasya\.m2\repository\io\opentelemetry\opentelemetry-sdk-common\1.37.0\opentelemetry-sdk-common-1.37.0.jar;C:\Users\pasya\.m2\repository\io\opentelemetry\opentelemetry-sdk-extension-autoconfigure-spi\1.37.0\opentelemetry-sdk-extension-autoconfigure-spi-1.37.0.jar;C:\Users\pasya\.m2\repository\io\opentelemetry\opentelemetry-sdk-extension-autoconfigure\1.37.0\opentelemetry-sdk-extension-autoconfigure-1.37.0.jar;C:\Users\pasya\.m2\repository\io\opentelemetry\opentelemetry-api-incubator\1.37.0-alpha\opentelemetry-api-incubator-1.37.0-alpha.jar;C:\Users\pasya\.m2\repository\io\opentelemetry\opentelemetry-sdk-trace\1.37.0\opentelemetry-sdk-trace-1.37.0.jar;C:\Users\pasya\.m2\repository\io\opentelemetry\opentelemetry-sdk\1.37.0\opentelemetry-sdk-1.37.0.jar;C:\Users\pasya\.m2\repository\io\opentelemetry\opentelemetry-sdk-metrics\1.37.0\opentelemetry-sdk-metrics-1.37.0.jar;C:\Users\pasya\.m2\repository\io\opentelemetry\opentelemetry-sdk-logs\1.37.0\opentelemetry-sdk-logs-1.37.0.jar;C:\Users\pasya\.m2\repository\net\bytebuddy\byte-buddy\1.14.14\byte-buddy-1.14.14.jar;C:\Users\pasya\.m2\repository\org\seleniumhq\selenium\selenium-api\4.20.0\selenium-api-4.20.0.jar;C:\Users\pasya\.m2\repository\org\seleniumhq\selenium\selenium-http\4.20.0\selenium-http-4.20.0.jar;C:\Users\pasya\.m2\repository\dev\failsafe\failsafe\3.3.2\failsafe-3.3.2.jar;C:\Users\pasya\.m2\repository\org\seleniumhq\selenium\selenium-json\4.20.0\selenium-json-4.20.0.jar;C:\Users\pasya\.m2\repository\org\seleniumhq\selenium\selenium-manager\4.20.0\selenium-manager-4.20.0.jar;C:\Users\pasya\.m2\repository\org\seleniumhq\selenium\selenium-os\4.20.0\selenium-os-4.20.0.jar;C:\Users\pasya\.m2\repository\org\apache\commons\commons-exec\1.4.0\commons-exec-1.4.0.jar;C:\Users\pasya\.m2\repository\org\seleniumhq\selenium\selenium-chrome-driver\4.20.0\selenium-chrome-driver-4.20.0.jar;C:\Users\pasya\.m2\repository\org\seleniumhq\selenium\selenium-chromium-driver\4.20.0\selenium-chromium-driver-4.20.0.jar;C:\Users\pasya\.m2\repository\org\seleniumhq\selenium\selenium-edge-driver\4.20.0\selenium-edge-driver-4.20.0.jar;C:\Users\pasya\.m2\repository\org\seleniumhq\selenium\selenium-firefox-driver\4.20.0\selenium-firefox-driver-4.20.0.jar;C:\Users\pasya\.m2\repository\org\seleniumhq\selenium\selenium-devtools-v85\4.20.0\selenium-devtools-v85-4.20.0.jar;C:\Users\pasya\.m2\repository\org\seleniumhq\selenium\selenium-support\4.20.0\selenium-support-4.20.0.jar;C:\Users\pasya\.m2\repository\org\seleniumhq\selenium\selenium-java\4.20.0\selenium-java-4.20.0.jar;C:\Users\pasya\.m2\repository\org\seleniumhq\selenium\selenium-devtools-v122\4.20.0\selenium-devtools-v122-4.20.0.jar;C:\Users\pasya\.m2\repository\org\seleniumhq\selenium\selenium-devtools-v123\4.20.0\selenium-devtools-v123-4.20.0.jar;C:\Users\pasya\.m2\repository\org\seleniumhq\selenium\selenium-devtools-v124\4.20.0\selenium-devtools-v124-4.20.0.jar;C:\Users\pasya\.m2\repository\org\seleniumhq\selenium\selenium-ie-driver\4.20.0\selenium-ie-driver-4.20.0.jar;C:\Users\pasya\.m2\repository\org\seleniumhq\selenium\selenium-safari-driver\4.20.0\selenium-safari-driver-4.20.0.jar;C:\Users\pasya\.m2\repository\commons-httpclient\commons-httpclient\3.1\commons-httpclient-3.1.jar;C:\Users\pasya\.m2\repository\commons-logging\commons-logging\1.0.4\commons-logging-1.0.4.jar;C:\Users\pasya\.m2\repository\commons-codec\commons-codec\1.17.0\commons-codec-1.17.0.jar;C:\Users\pasya\.m2\repository\commons-io\commons-io\2.16.1\commons-io-2.16.1.jar;C:\Users\pasya\.m2\repository\net\masterthought\maven-cucumber-reporting\5.8.0\maven-cucumber-reporting-5.8.0.jar;C:\Users\pasya\.m2\repository\net\masterthought\cucumber-reporting\5.7.8\cucumber-reporting-5.7.8.jar;C:\Users\pasya\.m2\repository\com\fasterxml\jackson\datatype\jackson-datatype-jsr310\2.16.0\jackson-datatype-jsr310-2.16.0.jar;C:\Users\pasya\.m2\repository\org\apache\velocity\velocity-engine-core\2.3\velocity-engine-core-2.3.jar;C:\Users\pasya\.m2\repository\joda-time\joda-time\2.12.5\joda-time-2.12.5.jar;C:\Users\pasya\.m2\repository\org\codehaus\plexus\plexus-utils\3.5.1\plexus-utils-3.5.1.jar;C:\Users\pasya\.m2\repository\org\jsoup\jsoup\1.17.1\jsoup-1.17.1.jar;C:\Users\pasya\.m2\repository\com\googlecode\owasp-java-html-sanitizer\owasp-java-html-sanitizer\20220608.1\owasp-java-html-sanitizer-20220608.1.jar;C:\Users\pasya\.m2\repository\commons-configuration\commons-configuration\1.10\commons-configuration-1.10.jar;C:\Users\pasya\.m2\repository\com\github\temyers\cucumber-jvm-parallel-plugin\5.0.0\cucumber-jvm-parallel-plugin-5.0.0.jar;C:\Users\pasya\.m2\repository\org\apache\velocity\velocity\1.7\velocity-1.7.jar;C:\Users\pasya\.m2\repository\commons-collections\commons-collections\3.2.1\commons-collections-3.2.1.jar;C:\Users\pasya\.m2\repository\commons-lang\commons-lang\2.4\commons-lang-2.4.jar;C:\Users\pasya\.m2\repository\org\apache\maven\plugins\maven-surefire-plugin\3.0.0-M5\maven-surefire-plugin-3.0.0-M5.jar;C:\Users\pasya\.m2\repository\org\apache\maven\surefire\maven-surefire-common\3.0.0-M5\maven-surefire-common-3.0.0-M5.jar;C:\Users\pasya\.m2\repository\org\apache\maven\surefire\surefire-extensions-api\3.0.0-M5\surefire-extensions-api-3.0.0-M5.jar;C:\Users\pasya\.m2\repository\org\apache\maven\surefire\surefire-booter\3.0.0-M5\surefire-booter-3.0.0-M5.jar;C:\Users\pasya\.m2\repository\org\apache\maven\surefire\surefire-extensions-spi\3.0.0-M5\surefire-extensions-spi-3.0.0-M5.jar;C:\Users\pasya\.m2\repository\org\apache\maven\maven-toolchain\3.0-alpha-2\maven-toolchain-3.0-alpha-2.jar;C:\Users\pasya\.m2\repository\org\apache\maven\shared\maven-artifact-transfer\0.11.0\maven-artifact-transfer-0.11.0.jar;C:\Users\pasya\.m2\repository\org\apache\maven\shared\maven-common-artifact-filters\3.0.1\maven-common-artifact-filters-3.0.1.jar;C:\Users\pasya\.m2\repository\org\apache\maven\maven-model\3.0\maven-model-3.0.jar;C:\Users\pasya\.m2\repository\org\apache\maven\maven-plugin-api\3.0\maven-plugin-api-3.0.jar;C:\Users\pasya\.m2\repository\org\sonatype\sisu\sisu-inject-plexus\1.4.2\sisu-inject-plexus-1.4.2.jar;C:\Users\pasya\.m2\repository\org\codehaus\plexus\plexus-classworlds\2.2.3\plexus-classworlds-2.2.3.jar;C:\Users\pasya\.m2\repository\org\sonatype\sisu\sisu-inject-bean\1.4.2\sisu-inject-bean-1.4.2.jar;C:\Users\pasya\.m2\repository\org\sonatype\sisu\sisu-guice\2.1.7\sisu-guice-2.1.7-noaop.jar;C:\Users\pasya\.m2\repository\org\apache\maven\shared\maven-shared-utils\3.1.0\maven-shared-utils-3.1.0.jar;C:\Users\pasya\.m2\repository\org\codehaus\plexus\plexus-java\1.0.5\plexus-java-1.0.5.jar;C:\Users\pasya\.m2\repository\org\ow2\asm\asm\7.2\asm-7.2.jar;C:\Users\pasya\.m2\repository\com\thoughtworks\qdox\qdox\2.0-M9\qdox-2.0-M9.jar;C:\Users\pasya\.m2\repository\org\apache\maven\surefire\surefire-shared-utils\3.0.0-M4\surefire-shared-utils-3.0.0-M4.jar;C:\Users\pasya\.m2\repository\io\cucumber\gherkin\28.0.0\gherkin-28.0.0.jar;C:\Users\pasya\.m2\repository\org\apache\maven\plugins\maven-failsafe-plugin\3.2.5\maven-failsafe-plugin-3.2.5.jar;C:\Users\pasya\.m2\repository\org\projectlombok\lombok\1.18.32\lombok-1.18.32.jar;C:\Users\pasya\.m2\repository\com\aventstack\extentreports\5.1.1\extentreports-5.1.1.jar;C:\Users\pasya\.m2\repository\io\reactivex\rxjava3\rxjava\3.1.6\rxjava-3.1.6.jar;C:\Users\pasya\.m2\repository\org\reactivestreams\reactive-streams\1.0.4\reactive-streams-1.0.4.jar;C:\Users\pasya\.m2\repository\org\freemarker\freemarker\2.3.32\freemarker-2.3.32.jar;"/>
    <property name="java.vm.vendor" value="Oracle Corporation"/>
    <property name="sun.arch.data.model" value="64"/>
    <property name="user.variant" value=""/>
    <property name="java.vendor.url" value="https://java.oracle.com/"/>
    <property name="user.timezone" value="Europe/London"/>
    <property name="os.name" value="Windows 11"/>
    <property name="java.vm.specification.version" value="17"/>
    <property name="sun.java.launcher" value="SUN_STANDARD"/>
    <property name="user.country" value="GB"/>
    <property name="sun.boot.library.path" value="C:\Program Files\Java\jdk-17\bin"/>
    <property name="sun.java.command" value="C:\Users\pasya\AppData\Local\Temp\surefire4869646799634939811\surefirebooter8065514794531903683.jar C:\Users\pasya\AppData\Local\Temp\surefire4869646799634939811 2024-05-14T11-25-57_285-jvmRun1 surefire15664359903102280587tmp surefire_017671457221595095482tmp"/>
    <property name="jdk.debug" value="release"/>
    <property name="surefire.test.class.path" value="C:\Users\pasya\Documents\Automation Tests\CUAutoTest\target\classes;C:\Users\pasya\Documents\Automation Tests\CUAutoTest\target\classes;C:\Users\pasya\.m2\repository\io\github\bonigarcia\webdrivermanager\5.8.0\webdrivermanager-5.8.0.jar;C:\Users\pasya\.m2\repository\com\google\code\gson\gson\2.10.1\gson-2.10.1.jar;C:\Users\pasya\.m2\repository\com\github\docker-java\docker-java\3.3.6\docker-java-3.3.6.jar;C:\Users\pasya\.m2\repository\com\github\docker-java\docker-java-core\3.3.6\docker-java-core-3.3.6.jar;C:\Users\pasya\.m2\repository\com\github\docker-java\docker-java-api\3.3.6\docker-java-api-3.3.6.jar;C:\Users\pasya\.m2\repository\org\bouncycastle\bcpkix-jdk18on\1.76\bcpkix-jdk18on-1.76.jar;C:\Users\pasya\.m2\repository\org\bouncycastle\bcprov-jdk18on\1.76\bcprov-jdk18on-1.76.jar;C:\Users\pasya\.m2\repository\org\bouncycastle\bcutil-jdk18on\1.76\bcutil-jdk18on-1.76.jar;C:\Users\pasya\.m2\repository\org\slf4j\jcl-over-slf4j\1.7.30\jcl-over-slf4j-1.7.30.jar;C:\Users\pasya\.m2\repository\com\github\docker-java\docker-java-transport-httpclient5\3.3.6\docker-java-transport-httpclient5-3.3.6.jar;C:\Users\pasya\.m2\repository\com\github\docker-java\docker-java-transport\3.3.6\docker-java-transport-3.3.6.jar;C:\Users\pasya\.m2\repository\net\java\dev\jna\jna\5.13.0\jna-5.13.0.jar;C:\Users\pasya\.m2\repository\org\brotli\dec\0.1.2\dec-0.1.2.jar;C:\Users\pasya\.m2\repository\org\apache\commons\commons-compress\1.26.1\commons-compress-1.26.1.jar;C:\Users\pasya\.m2\repository\org\apache\httpcomponents\client5\httpclient5\5.2.1\httpclient5-5.2.1.jar;C:\Users\pasya\.m2\repository\org\apache\httpcomponents\core5\httpcore5\5.2\httpcore5-5.2.jar;C:\Users\pasya\.m2\repository\org\apache\httpcomponents\core5\httpcore5-h2\5.2\httpcore5-h2-5.2.jar;C:\Users\pasya\.m2\repository\org\junit\platform\junit-platform-surefire-provider\1.3.2\junit-platform-surefire-provider-1.3.2.jar;C:\Users\pasya\.m2\repository\org\apiguardian\apiguardian-api\1.0.0\apiguardian-api-1.0.0.jar;C:\Users\pasya\.m2\repository\org\junit\platform\junit-platform-launcher\1.3.2\junit-platform-launcher-1.3.2.jar;C:\Users\pasya\.m2\repository\org\apache\maven\surefire\surefire-api\2.22.0\surefire-api-2.22.0.jar;C:\Users\pasya\.m2\repository\org\apache\maven\surefire\surefire-logger-api\2.22.0\surefire-logger-api-2.22.0.jar;C:\Users\pasya\.m2\repository\org\apache\maven\surefire\common-java5\2.22.0\common-java5-2.22.0.jar;C:\Users\pasya\.m2\repository\org\junit\jupiter\junit-jupiter-engine\5.10.2\junit-jupiter-engine-5.10.2.jar;C:\Users\pasya\.m2\repository\org\junit\platform\junit-platform-engine\1.10.2\junit-platform-engine-1.10.2.jar;C:\Users\pasya\.m2\repository\org\junit\jupiter\junit-jupiter-api\5.11.0-M1\junit-jupiter-api-5.11.0-M1.jar;C:\Users\pasya\.m2\repository\org\opentest4j\opentest4j\1.3.0\opentest4j-1.3.0.jar;C:\Users\pasya\.m2\repository\org\junit\platform\junit-platform-commons\1.11.0-M1\junit-platform-commons-1.11.0-M1.jar;C:\Users\pasya\.m2\repository\org\apache\poi\poi\5.2.5\poi-5.2.5.jar;C:\Users\pasya\.m2\repository\org\apache\commons\commons-collections4\4.4\commons-collections4-4.4.jar;C:\Users\pasya\.m2\repository\org\apache\commons\commons-math3\3.6.1\commons-math3-3.6.1.jar;C:\Users\pasya\.m2\repository\com\zaxxer\SparseBitSet\1.3\SparseBitSet-1.3.jar;C:\Users\pasya\.m2\repository\org\apache\logging\log4j\log4j-api\2.21.1\log4j-api-2.21.1.jar;C:\Users\pasya\.m2\repository\org\apache\poi\poi-ooxml\5.2.5\poi-ooxml-5.2.5.jar;C:\Users\pasya\.m2\repository\org\apache\poi\poi-ooxml-lite\5.2.5\poi-ooxml-lite-5.2.5.jar;C:\Users\pasya\.m2\repository\org\apache\xmlbeans\xmlbeans\5.2.0\xmlbeans-5.2.0.jar;C:\Users\pasya\.m2\repository\com\github\virtuald\curvesapi\1.08\curvesapi-1.08.jar;C:\Users\pasya\.m2\repository\io\cucumber\cucumber-java\7.17.0\cucumber-java-7.17.0.jar;C:\Users\pasya\.m2\repository\io\cucumber\cucumber-junit\7.17.0\cucumber-junit-7.17.0.jar;C:\Users\pasya\.m2\repository\junit\junit\4.13.2\junit-4.13.2.jar;C:\Users\pasya\.m2\repository\org\hamcrest\hamcrest-core\1.3\hamcrest-core-1.3.jar;C:\Users\pasya\.m2\repository\io\cucumber\cucumber-core\7.17.0\cucumber-core-7.17.0.jar;C:\Users\pasya\.m2\repository\io\cucumber\cucumber-gherkin-messages\7.17.0\cucumber-gherkin-messages-7.17.0.jar;C:\Users\pasya\.m2\repository\io\cucumber\messages\24.1.0\messages-24.1.0.jar;C:\Users\pasya\.m2\repository\io\cucumber\testng-xml-formatter\0.1.0\testng-xml-formatter-0.1.0.jar;C:\Users\pasya\.m2\repository\io\cucumber\query\12.1.2\query-12.1.2.jar;C:\Users\pasya\.m2\repository\io\cucumber\tag-expressions\6.1.0\tag-expressions-6.1.0.jar;C:\Users\pasya\.m2\repository\io\cucumber\cucumber-expressions\17.1.0\cucumber-expressions-17.1.0.jar;C:\Users\pasya\.m2\repository\io\cucumber\datatable\7.17.0\datatable-7.17.0.jar;C:\Users\pasya\.m2\repository\io\cucumber\docstring\7.17.0\docstring-7.17.0.jar;C:\Users\pasya\.m2\repository\io\cucumber\html-formatter\21.3.1\html-formatter-21.3.1.jar;C:\Users\pasya\.m2\repository\io\cucumber\junit-xml-formatter\0.4.0\junit-xml-formatter-0.4.0.jar;C:\Users\pasya\.m2\repository\io\cucumber\ci-environment\10.0.1\ci-environment-10.0.1.jar;C:\Users\pasya\.m2\repository\io\cucumber\cucumber-picocontainer\7.17.0\cucumber-picocontainer-7.17.0.jar;C:\Users\pasya\.m2\repository\org\picocontainer\picocontainer\2.15\picocontainer-2.15.jar;C:\Users\pasya\.m2\repository\io\cucumber\cucumber-plugin\7.17.0\cucumber-plugin-7.17.0.jar;C:\Users\pasya\.m2\repository\io\cucumber\cucumber-gherkin\7.17.0\cucumber-gherkin-7.17.0.jar;C:\Users\pasya\.m2\repository\io\cucumber\cucumber-jvm-deps\1.0.6\cucumber-jvm-deps-1.0.6.jar;C:\Users\pasya\.m2\repository\org\junit\vintage\junit-vintage-engine\5.11.0-M1\junit-vintage-engine-5.11.0-M1.jar;C:\Users\pasya\.m2\repository\org\apache\commons\commons-lang3\3.14.0\commons-lang3-3.14.0.jar;C:\Users\pasya\.m2\repository\org\slf4j\slf4j-jdk14\2.0.13\slf4j-jdk14-2.0.13.jar;C:\Users\pasya\.m2\repository\org\slf4j\slf4j-api\2.0.12\slf4j-api-2.0.12.jar;C:\Users\pasya\.m2\repository\com\fasterxml\jackson\dataformat\jackson-dataformat-yaml\2.17.0-rc1\jackson-dataformat-yaml-2.17.0-rc1.jar;C:\Users\pasya\.m2\repository\com\fasterxml\jackson\core\jackson-databind\2.17.0-rc1\jackson-databind-2.17.0-rc1.jar;C:\Users\pasya\.m2\repository\com\fasterxml\jackson\core\jackson-annotations\2.17.0-rc1\jackson-annotations-2.17.0-rc1.jar;C:\Users\pasya\.m2\repository\org\yaml\snakeyaml\2.2\snakeyaml-2.2.jar;C:\Users\pasya\.m2\repository\com\fasterxml\jackson\core\jackson-core\2.17.0-rc1\jackson-core-2.17.0-rc1.jar;C:\Users\pasya\.m2\repository\org\seleniumhq\selenium\selenium-remote-driver\4.20.0\selenium-remote-driver-4.20.0.jar;C:\Users\pasya\.m2\repository\com\google\auto\service\auto-service-annotations\1.1.1\auto-service-annotations-1.1.1.jar;C:\Users\pasya\.m2\repository\com\google\guava\guava\33.1.0-jre\guava-33.1.0-jre.jar;C:\Users\pasya\.m2\repository\com\google\guava\failureaccess\1.0.2\failureaccess-1.0.2.jar;C:\Users\pasya\.m2\repository\com\google\guava\listenablefuture\9999.0-empty-to-avoid-conflict-with-guava\listenablefuture-9999.0-empty-to-avoid-conflict-with-guava.jar;C:\Users\pasya\.m2\repository\com\google\code\findbugs\jsr305\3.0.2\jsr305-3.0.2.jar;C:\Users\pasya\.m2\repository\org\checkerframework\checker-qual\3.42.0\checker-qual-3.42.0.jar;C:\Users\pasya\.m2\repository\com\google\errorprone\error_prone_annotations\2.26.1\error_prone_annotations-2.26.1.jar;C:\Users\pasya\.m2\repository\com\google\j2objc\j2objc-annotations\3.0.0\j2objc-annotations-3.0.0.jar;C:\Users\pasya\.m2\repository\io\opentelemetry\semconv\opentelemetry-semconv\1.25.0-alpha\opentelemetry-semconv-1.25.0-alpha.jar;C:\Users\pasya\.m2\repository\io\opentelemetry\opentelemetry-api\1.37.0\opentelemetry-api-1.37.0.jar;C:\Users\pasya\.m2\repository\io\opentelemetry\opentelemetry-context\1.37.0\opentelemetry-context-1.37.0.jar;C:\Users\pasya\.m2\repository\io\opentelemetry\opentelemetry-exporter-logging\1.37.0\opentelemetry-exporter-logging-1.37.0.jar;C:\Users\pasya\.m2\repository\io\opentelemetry\opentelemetry-sdk-common\1.37.0\opentelemetry-sdk-common-1.37.0.jar;C:\Users\pasya\.m2\repository\io\opentelemetry\opentelemetry-sdk-extension-autoconfigure-spi\1.37.0\opentelemetry-sdk-extension-autoconfigure-spi-1.37.0.jar;C:\Users\pasya\.m2\repository\io\opentelemetry\opentelemetry-sdk-extension-autoconfigure\1.37.0\opentelemetry-sdk-extension-autoconfigure-1.37.0.jar;C:\Users\pasya\.m2\repository\io\opentelemetry\opentelemetry-api-incubator\1.37.0-alpha\opentelemetry-api-incubator-1.37.0-alpha.jar;C:\Users\pasya\.m2\repository\io\opentelemetry\opentelemetry-sdk-trace\1.37.0\opentelemetry-sdk-trace-1.37.0.jar;C:\Users\pasya\.m2\repository\io\opentelemetry\opentelemetry-sdk\1.37.0\opentelemetry-sdk-1.37.0.jar;C:\Users\pasya\.m2\repository\io\opentelemetry\opentelemetry-sdk-metrics\1.37.0\opentelemetry-sdk-metrics-1.37.0.jar;C:\Users\pasya\.m2\repository\io\opentelemetry\opentelemetry-sdk-logs\1.37.0\opentelemetry-sdk-logs-1.37.0.jar;C:\Users\pasya\.m2\repository\net\bytebuddy\byte-buddy\1.14.14\byte-buddy-1.14.14.jar;C:\Users\pasya\.m2\repository\org\seleniumhq\selenium\selenium-api\4.20.0\selenium-api-4.20.0.jar;C:\Users\pasya\.m2\repository\org\seleniumhq\selenium\selenium-http\4.20.0\selenium-http-4.20.0.jar;C:\Users\pasya\.m2\repository\dev\failsafe\failsafe\3.3.2\failsafe-3.3.2.jar;C:\Users\pasya\.m2\repository\org\seleniumhq\selenium\selenium-json\4.20.0\selenium-json-4.20.0.jar;C:\Users\pasya\.m2\repository\org\seleniumhq\selenium\selenium-manager\4.20.0\selenium-manager-4.20.0.jar;C:\Users\pasya\.m2\repository\org\seleniumhq\selenium\selenium-os\4.20.0\selenium-os-4.20.0.jar;C:\Users\pasya\.m2\repository\org\apache\commons\commons-exec\1.4.0\commons-exec-1.4.0.jar;C:\Users\pasya\.m2\repository\org\seleniumhq\selenium\selenium-chrome-driver\4.20.0\selenium-chrome-driver-4.20.0.jar;C:\Users\pasya\.m2\repository\org\seleniumhq\selenium\selenium-chromium-driver\4.20.0\selenium-chromium-driver-4.20.0.jar;C:\Users\pasya\.m2\repository\org\seleniumhq\selenium\selenium-edge-driver\4.20.0\selenium-edge-driver-4.20.0.jar;C:\Users\pasya\.m2\repository\org\seleniumhq\selenium\selenium-firefox-driver\4.20.0\selenium-firefox-driver-4.20.0.jar;C:\Users\pasya\.m2\repository\org\seleniumhq\selenium\selenium-devtools-v85\4.20.0\selenium-devtools-v85-4.20.0.jar;C:\Users\pasya\.m2\repository\org\seleniumhq\selenium\selenium-support\4.20.0\selenium-support-4.20.0.jar;C:\Users\pasya\.m2\repository\org\seleniumhq\selenium\selenium-java\4.20.0\selenium-java-4.20.0.jar;C:\Users\pasya\.m2\repository\org\seleniumhq\selenium\selenium-devtools-v122\4.20.0\selenium-devtools-v122-4.20.0.jar;C:\Users\pasya\.m2\repository\org\seleniumhq\selenium\selenium-devtools-v123\4.20.0\selenium-devtools-v123-4.20.0.jar;C:\Users\pasya\.m2\repository\org\seleniumhq\selenium\selenium-devtools-v124\4.20.0\selenium-devtools-v124-4.20.0.jar;C:\Users\pasya\.m2\repository\org\seleniumhq\selenium\selenium-ie-driver\4.20.0\selenium-ie-driver-4.20.0.jar;C:\Users\pasya\.m2\repository\org\seleniumhq\selenium\selenium-safari-driver\4.20.0\selenium-safari-driver-4.20.0.jar;C:\Users\pasya\.m2\repository\commons-httpclient\commons-httpclient\3.1\commons-httpclient-3.1.jar;C:\Users\pasya\.m2\repository\commons-logging\commons-logging\1.0.4\commons-logging-1.0.4.jar;C:\Users\pasya\.m2\repository\commons-codec\commons-codec\1.17.0\commons-codec-1.17.0.jar;C:\Users\pasya\.m2\repository\commons-io\commons-io\2.16.1\commons-io-2.16.1.jar;C:\Users\pasya\.m2\repository\net\masterthought\maven-cucumber-reporting\5.8.0\maven-cucumber-reporting-5.8.0.jar;C:\Users\pasya\.m2\repository\net\masterthought\cucumber-reporting\5.7.8\cucumber-reporting-5.7.8.jar;C:\Users\pasya\.m2\repository\com\fasterxml\jackson\datatype\jackson-datatype-jsr310\2.16.0\jackson-datatype-jsr310-2.16.0.jar;C:\Users\pasya\.m2\repository\org\apache\velocity\velocity-engine-core\2.3\velocity-engine-core-2.3.jar;C:\Users\pasya\.m2\repository\joda-time\joda-time\2.12.5\joda-time-2.12.5.jar;C:\Users\pasya\.m2\repository\org\codehaus\plexus\plexus-utils\3.5.1\plexus-utils-3.5.1.jar;C:\Users\pasya\.m2\repository\org\jsoup\jsoup\1.17.1\jsoup-1.17.1.jar;C:\Users\pasya\.m2\repository\com\googlecode\owasp-java-html-sanitizer\owasp-java-html-sanitizer\20220608.1\owasp-java-html-sanitizer-20220608.1.jar;C:\Users\pasya\.m2\repository\commons-configuration\commons-configuration\1.10\commons-configuration-1.10.jar;C:\Users\pasya\.m2\repository\com\github\temyers\cucumber-jvm-parallel-plugin\5.0.0\cucumber-jvm-parallel-plugin-5.0.0.jar;C:\Users\pasya\.m2\repository\org\apache\velocity\velocity\1.7\velocity-1.7.jar;C:\Users\pasya\.m2\repository\commons-collections\commons-collections\3.2.1\commons-collections-3.2.1.jar;C:\Users\pasya\.m2\repository\commons-lang\commons-lang\2.4\commons-lang-2.4.jar;C:\Users\pasya\.m2\repository\org\apache\maven\plugins\maven-surefire-plugin\3.0.0-M5\maven-surefire-plugin-3.0.0-M5.jar;C:\Users\pasya\.m2\repository\org\apache\maven\surefire\maven-surefire-common\3.0.0-M5\maven-surefire-common-3.0.0-M5.jar;C:\Users\pasya\.m2\repository\org\apache\maven\surefire\surefire-extensions-api\3.0.0-M5\surefire-extensions-api-3.0.0-M5.jar;C:\Users\pasya\.m2\repository\org\apache\maven\surefire\surefire-booter\3.0.0-M5\surefire-booter-3.0.0-M5.jar;C:\Users\pasya\.m2\repository\org\apache\maven\surefire\surefire-extensions-spi\3.0.0-M5\surefire-extensions-spi-3.0.0-M5.jar;C:\Users\pasya\.m2\repository\org\apache\maven\maven-toolchain\3.0-alpha-2\maven-toolchain-3.0-alpha-2.jar;C:\Users\pasya\.m2\repository\org\apache\maven\shared\maven-artifact-transfer\0.11.0\maven-artifact-transfer-0.11.0.jar;C:\Users\pasya\.m2\repository\org\apache\maven\shared\maven-common-artifact-filters\3.0.1\maven-common-artifact-filters-3.0.1.jar;C:\Users\pasya\.m2\repository\org\apache\maven\maven-model\3.0\maven-model-3.0.jar;C:\Users\pasya\.m2\repository\org\apache\maven\maven-plugin-api\3.0\maven-plugin-api-3.0.jar;C:\Users\pasya\.m2\repository\org\sonatype\sisu\sisu-inject-plexus\1.4.2\sisu-inject-plexus-1.4.2.jar;C:\Users\pasya\.m2\repository\org\codehaus\plexus\plexus-classworlds\2.2.3\plexus-classworlds-2.2.3.jar;C:\Users\pasya\.m2\repository\org\sonatype\sisu\sisu-inject-bean\1.4.2\sisu-inject-bean-1.4.2.jar;C:\Users\pasya\.m2\repository\org\sonatype\sisu\sisu-guice\2.1.7\sisu-guice-2.1.7-noaop.jar;C:\Users\pasya\.m2\repository\org\apache\maven\shared\maven-shared-utils\3.1.0\maven-shared-utils-3.1.0.jar;C:\Users\pasya\.m2\repository\org\codehaus\plexus\plexus-java\1.0.5\plexus-java-1.0.5.jar;C:\Users\pasya\.m2\repository\org\ow2\asm\asm\7.2\asm-7.2.jar;C:\Users\pasya\.m2\repository\com\thoughtworks\qdox\qdox\2.0-M9\qdox-2.0-M9.jar;C:\Users\pasya\.m2\repository\org\apache\maven\surefire\surefire-shared-utils\3.0.0-M4\surefire-shared-utils-3.0.0-M4.jar;C:\Users\pasya\.m2\repository\io\cucumber\gherkin\28.0.0\gherkin-28.0.0.jar;C:\Users\pasya\.m2\repository\org\apache\maven\plugins\maven-failsafe-plugin\3.2.5\maven-failsafe-plugin-3.2.5.jar;C:\Users\pasya\.m2\repository\org\projectlombok\lombok\1.18.32\lombok-1.18.32.jar;C:\Users\pasya\.m2\repository\com\aventstack\extentreports\5.1.1\extentreports-5.1.1.jar;C:\Users\pasya\.m2\repository\io\reactivex\rxjava3\rxjava\3.1.6\rxjava-3.1.6.jar;C:\Users\pasya\.m2\repository\org\reactivestreams\reactive-streams\1.0.4\reactive-streams-1.0.4.jar;C:\Users\pasya\.m2\repository\org\freemarker\freemarker\2.3.32\freemarker-2.3.32.jar;"/>
    <property name="sun.cpu.endian" value="little"/>
    <property name="user.home" value="C:\Users\pasya"/>
    <property name="user.language" value="en"/>
    <property name="java.specification.vendor" value="Oracle Corporation"/>
    <property name="java.version.date" value="2024-01-16"/>
    <property name="java.home" value="C:\Program Files\Java\jdk-17"/>
    <property name="file.separator" value="\"/>
    <property name="basedir" value="C:\Users\pasya\Documents\Automation Tests\CUAutoTest"/>
    <property name="java.vm.compressedOopsMode" value="Zero based"/>
    <property name="line.separator" value="&#10;"/>
    <property name="java.vm.specification.vendor" value="Oracle Corporation"/>
    <property name="java.specification.name" value="Java Platform API Specification"/>
    <property name="surefire.real.class.path" value="C:\Users\pasya\AppData\Local\Temp\surefire4869646799634939811\surefirebooter8065514794531903683.jar"/>
    <property name="user.script" value=""/>
    <property name="sun.management.compiler" value="HotSpot 64-Bit Tiered Compilers"/>
    <property name="java.runtime.version" value="17.0.10+11-LTS-240"/>
    <property name="webdriver.edge.driver" value="C:\Users\pasya\.cache\selenium\msedgedriver\win64\124.0.2478.97\msedgedriver.exe"/>
    <property name="user.name" value="pasya"/>
    <property name="path.separator" value=";"/>
    <property name="os.version" value="10.0"/>
    <property name="java.runtime.name" value="Java(TM) SE Runtime Environment"/>
    <property name="file.encoding" value="Cp1252"/>
    <property name="browser" value="default"/>
    <property name="java.vm.name" value="Java HotSpot(TM) 64-Bit Server VM"/>
    <property name="localRepository" value="C:\Users\pasya\.m2\repository"/>
    <property name="java.vendor.url.bug" value="https://bugreport.java.com/bugreport/"/>
    <property name="java.io.tmpdir" value="C:\Users\pasya\AppData\Local\Temp\"/>
    <property name="java.version" value="17.0.10"/>
    <property name="user.dir" value="C:\Users\pasya\Documents\Automation Tests\CUAutoTest"/>
    <property name="os.arch" value="amd64"/>
    <property name="java.vm.specification.name" value="Java Virtual Machine Specification"/>
    <property name="sun.os.patch.level" value=""/>
    <property name="native.encoding" value="Cp1252"/>
    <property name="environment" value="local"/>
    <property name="java.library.path" value="C:\Program Files\Java\jdk-17\bin;C:\WINDOWS\Sun\Java\bin;C:\WINDOWS\system32;C:\WINDOWS;C:\Program Files\Common Files\Oracle\Java\javapath;C:\Program Files\Microsoft MPI\Bin\;C:\Windows\system32;C:\Windows;C:\Windows\System32\Wbem;C:\Windows\System32\WindowsPowerShell\v1.0\;C:\Windows\System32\OpenSSH\;C:\Program Files\Microsoft SQL Server\Client SDK\ODBC\170\Tools\Binn\;C:\Program Files (x86)\Microsoft SQL Server\150\Tools\Binn\;C:\Program Files\Microsoft SQL Server\150\Tools\Binn\;C:\Program Files\Microsoft SQL Server\150\DTS\Binn\;C:\Program Files (x86)\Microsoft SQL Server\150\DTS\Binn\;C:\Program Files\Devart\EntityDeveloper\Console;C:\ProgramData\chocolatey\bin;C:\Program Files\dotnet\;C:\Program Files\Java\jdk-17\bin;C:\apache-maven-3.9.6\bin;C:\Program Files\nodejs;C:\Program Files\dotnet\sdk\8.0.100\;C:\Program Files\dotnet\dotnet.exe;C:\Program Files\dotnet\shared\Microsoft.WindowsDesktop.App\8.0.0\;C:\Program Files\dotnet\shared\Microsoft.AspNetCore.App\8.0.0\;C:\Program Files\dotnet\shared\Microsoft.NETCore.App\8.0.0\;C:\Program Files\Git\cmd;;C:\Program Files\Docker\Docker\resources\bin;C:\Program Files (x86)\Microsoft SQL Server\160\Tools\Binn\;C:\Program Files\Microsoft SQL Server\160\Tools\Binn\;C:\Program Files\Microsoft SQL Server\160\DTS\Binn\;C:\Program Files (x86)\Microsoft SQL Server\160\DTS\Binn\;C:\Users\pasya\AppData\Local\Programs\Python\Python311\Scripts\;C:\Users\pasya\AppData\Local\Programs\Python\Python311\;C:\Users\pasya\AppData\Local\Microsoft\WindowsApps;C:\Users\pasya\AppData\Local\GitHubDesktop\bin;C:\Program Files\Azure Data Studio\bin;C:\Program Files\Devart\EntityDeveloper\Console;C:\Users\pasya\AppData\Roaming\npm;C:\Users\pasya\.dotnet\tools;;."/>
    <property name="java.vm.info" value="mixed mode, sharing"/>
    <property name="java.vendor" value="Oracle Corporation"/>
    <property name="java.vm.version" value="17.0.10+11-LTS-240"/>
    <property name="sun.io.unicode.encoding" value="UnicodeLittle"/>
    <property name="java.class.version" value="61.0"/>
  </properties>
  <testcase name="1 - Validate Contoso University Students page" classname="Contoso University Students page #1" time="3.829">
    <system-out><![CDATA[
@Reg
Scenario: 1 - Validate Contoso University Students page # src/main/resources/features/Automation test/TestingTask.feature:7
Starting - 1 - Validate Contoso University Students page
  Given I launch contoso university application         # com.cu.cukes.stepdefs.CommonStepDefs.iLaunchContosoUniversityApplication()
Students menu option is clicked
  When I click on "Students" menu option                # com.cu.cukes.stepdefs.CommonStepDefs.iClickOnMenuOption(java.lang.String)
------------------------------------------------------------------------------------------------
Contoso University Students page validations: 
Validate Header Text : Students
Create New
Find by name:
Last Name First Name Enrollment Date
Pasyavula Sai 2000-06-01 Edit | Details | Delete
Pasyavula Akhil 2022-11-01 Edit | Details | Delete
Pasyavula Venky 2023-05-23 Edit | Details | Delete
Edit
Details
Delete
Students
Create New
Find by name:
Last Name First Name Enrollment Date
Pasyavula Sai 2000-06-01 Edit | Details | Delete
Pasyavula Akhil 2022-11-01 Edit | Details | Delete
Pasyavula Venky 2023-05-23 Edit | Details | Delete

Page 1 of 2
1
2
»
© 2024 - Contoso University
1
Validate pages Text : 1
------------------------------------------------------------------------------------------------
  Then I validate contoso university "Students" page    # com.cu.cukes.stepdefs.CommonStepDefs.iValidateContosoUniversityPage(java.lang.String)
1 - Validate Contoso University Students page Status - PASSED
]]></system-out>
    <system-err><![CDATA[May 14, 2024 11:26:00 AM io.github.bonigarcia.wdm.WebDriverManager resolveDriverVersion
INFO: Using msedgedriver 124.0.2478.97 (resolved driver for Edge 124)
May 14, 2024 11:26:00 AM io.github.bonigarcia.wdm.WebDriverManager exportDriver
INFO: Exporting webdriver.edge.driver as C:\Users\pasya\.cache\selenium\msedgedriver\win64\124.0.2478.97\msedgedriver.exe
]]></system-err>
  </testcase>
  <testcase name="1 - Validate Contoso University About page #1" classname="Contoso University About page" time="0.434">
    <system-out><![CDATA[
@Reg
Scenario: 1 - Validate Contoso University About page # src/main/resources/features/CUAboutPage/ValidateCUAboutPage.feature:7
Starting - 1 - Validate Contoso University About page
  Given I launch contoso university application      # com.cu.cukes.stepdefs.CommonStepDefs.iLaunchContosoUniversityApplication()
About menu option is clicked
  When I click on "About" menu option                # com.cu.cukes.stepdefs.CommonStepDefs.iClickOnMenuOption(java.lang.String)
------------------------------------------------------------------------------------------------
Contoso University About page validations: 
Validate Header Text : Student Body Statistics
Student Body Statistics existing status is : true

Enrollment Date Students
01/06/2000 1
01/11/2022 1
23/05/2023 1
09/12/2023 1
------------------------------------------------------------------------------------------------
  Then I validate contoso university "About" page    # com.cu.cukes.stepdefs.CommonStepDefs.iValidateContosoUniversityPage(java.lang.String)
1 - Validate Contoso University About page Status - PASSED
]]></system-out>
  </testcase>
  <testcase name="1 - Validate Contoso University About page #2" classname="Contoso University About page" time="0.43">
    <system-out><![CDATA[
@Reg
Scenario: 1 - Validate Contoso University About page # src/main/resources/features/CUAboutPage/ValidateCUAboutPage.feature:13
Starting - 1 - Validate Contoso University About page
  Given I launch contoso university application      # com.cu.cukes.stepdefs.CommonStepDefs.iLaunchContosoUniversityApplication()
About menu option is clicked
  When I click on "About" menu option                # com.cu.cukes.stepdefs.CommonStepDefs.iClickOnMenuOption(java.lang.String)
------------------------------------------------------------------------------------------------
Contoso University About page validations: 
Validate Header Text : Student Body Statistics
Student Body Statistics existing status is : true

Enrollment Date Students
01/06/2000 1
01/11/2022 1
23/05/2023 1
09/12/2023 1
------------------------------------------------------------------------------------------------
  Then I validate contoso university "About" page    # com.cu.cukes.stepdefs.CommonStepDefs.iValidateContosoUniversityPage(java.lang.String)
1 - Validate Contoso University About page Status - PASSED
]]></system-out>
  </testcase>
  <testcase name="1 - Validate Contoso University Courses page" classname="Contoso University Courses page" time="0.602">
    <system-out><![CDATA[
@Reg
Scenario: 1 - Validate Contoso University Courses page # src/main/resources/features/CUCoursesPage/ValidateCUCourcesPage.feature:7
Starting - 1 - Validate Contoso University Courses page
  Given I launch contoso university application        # com.cu.cukes.stepdefs.CommonStepDefs.iLaunchContosoUniversityApplication()
Courses menu option is clicked
  When I click on "Courses" menu option                # com.cu.cukes.stepdefs.CommonStepDefs.iClickOnMenuOption(java.lang.String)
------------------------------------------------------------------------------------------------
Contoso University Home page validations: 
Validate Header Text : Courses
Create New
Select Department:
All
English
Science
Software
Space
Number Title Credits Department
1 Computers 5 Software Edit | Details | Delete
2 Space 3 Space Edit | Details | Delete
3 Science 1 Science Edit | Details | Delete
9000 English 3 English Edit | Details | Delete
Edit
Details
Delete
------------------------------------------------------------------------------------------------
  Then I validate contoso university "Courses" page    # com.cu.cukes.stepdefs.CommonStepDefs.iValidateContosoUniversityPage(java.lang.String)
1 - Validate Contoso University Courses page Status - PASSED
]]></system-out>
  </testcase>
  <testcase name="1 - Validate Contoso University Departments page" classname="Contoso University Departments page" time="0.504">
    <system-out><![CDATA[
@Reg
Scenario: 1 - Validate Contoso University Departments page # src/main/resources/features/CUDepartmentsPage/ValidateCUDepartmentsPage.feature:7
Starting - 1 - Validate Contoso University Departments page
  Given I launch contoso university application            # com.cu.cukes.stepdefs.CommonStepDefs.iLaunchContosoUniversityApplication()
Departments menu option is clicked
  When I click on "Departments" menu option                # com.cu.cukes.stepdefs.CommonStepDefs.iClickOnMenuOption(java.lang.String)
------------------------------------------------------------------------------------------------
Contoso University Home page validations: 
Validate Header Text : Departments
See Create new link  existing status is : true
Name Budget Start Date Administrator
Software £100,000.00 2022-11-01 Pasyavula, Venky Edit | Details | Delete
Space £100,000.00 2022-11-02 Pasyavula, Sai Edit | Details | Delete
Science £50,000.00 2023-03-09 Pasyavula, Akhil Edit | Details | Delete
English £25,000.00 2024-01-09 Pasyavula, Padmaja Edit | Details | Delete
Edit
Details
Delete
------------------------------------------------------------------------------------------------
  Then I validate contoso university "Departments" page    # com.cu.cukes.stepdefs.CommonStepDefs.iValidateContosoUniversityPage(java.lang.String)
1 - Validate Contoso University Departments page Status - PASSED
]]></system-out>
  </testcase>
  <testcase name="1 - Validate Contoso University Landing page" classname="Contoso University Home page" time="0.889">
    <system-out><![CDATA[
@Reg
Scenario: 1 - Validate Contoso University Landing page         # src/main/resources/features/CUHomePage/ValidateCUHomePage.feature:7
Starting - 1 - Validate Contoso University Landing page
  Given I launch contoso university application                # com.cu.cukes.stepdefs.CommonStepDefs.iLaunchContosoUniversityApplication()
------------------------------------------------------------------------------------------------
Contoso University Menu options validations: 
'Contoso University image existence status' : true
'Home menu existence status' : true
'About menu existence status' : true
'Students menu existence status' : true
'Courses menu existence status' : true
'Instructors menu existence status' : true
'Departments menu existence status' : true
'Footer link existence status' : true
------------------------------------------------------------------------------------------------
------------------------------------------------------------------------------------------------
Contoso University Home page validations: 
Validate Header Text : Contoso University
Validate welcome Text : Welcome to Contoso University
Validate welcome details Text : Contoso University is a sample application that demonstrates how to use Entity Framework 6 in an ASP.NET MVC 5 web application.
Validate build Text : Build it from scratch
Validate build details Text : You can build the application by following the steps in the tutorial series on the ASP.NET site.
Validate download Text : Download it
Validate download details Text : You can download the completed project from the Microsoft Code Gallery.
------------------------------------------------------------------------------------------------
  When I validate contoso university home page                 # com.cu.cukes.stepdefs.CUHomePageStepDef.iValidateContosoUniversityHomePage()
------------------------------------------------------------------------------------------------
Contoso University Home page validations: 
'See tutorial button status' : true
'Download button status' : true
------------------------------------------------------------------------------------------------
  Then I am also validate contoso university home page buttons # com.cu.cukes.stepdefs.CUHomePageStepDef.iAmAlsoValidateContosoUniversityHomePageButtons()
1 - Validate Contoso University Landing page Status - PASSED
]]></system-out>
  </testcase>
  <testcase name="1 - Validate Contoso University Instructors page" classname="Contoso University Instructors page" time="0.537">
    <system-out><![CDATA[
@Reg
Scenario: 1 - Validate Contoso University Instructors page # src/main/resources/features/CUInstructorsPage/ValidateCUInstructorsPage.feature:7
Starting - 1 - Validate Contoso University Instructors page
  Given I launch contoso university application            # com.cu.cukes.stepdefs.CommonStepDefs.iLaunchContosoUniversityApplication()
Instructors menu option is clicked
  When I click on "Instructors" menu option                # com.cu.cukes.stepdefs.CommonStepDefs.iClickOnMenuOption(java.lang.String)
------------------------------------------------------------------------------------------------
Contoso University Home page validations: 
Validate Header Text : Instructors
See Create new link  existing status is : true
Last Name First Name Hire Date Office Courses
Pasyavula Venky 2022-11-01 1 Computers
Select | Edit | Details | Delete
Pasyavula Sai 2022-11-02 2 Space
Select | Edit | Details | Delete
Pasyavula Akhil 2019-01-01 3 Science
Select | Edit | Details | Delete
Pasyavula Padmaja 2023-03-25 9000 English
Select | Edit | Details | Delete
Select
Edit
Details
Delete
------------------------------------------------------------------------------------------------
  Then I validate contoso university "Instructors" page    # com.cu.cukes.stepdefs.CommonStepDefs.iValidateContosoUniversityPage(java.lang.String)
1 - Validate Contoso University Instructors page Status - PASSED
]]></system-out>
  </testcase>
  <testcase name="1 - Validate Contoso University Menu links" classname="Contoso University application Manus" time="1.132">
    <system-out><![CDATA[
@Reg
Scenario: 1 - Validate Contoso University Menu links # src/main/resources/features/CUMenu/ValidateCUMenu.feature:7
Starting - 1 - Validate Contoso University Menu links
  Given I launch contoso university application      # com.cu.cukes.stepdefs.CommonStepDefs.iLaunchContosoUniversityApplication()
Home menu option is clicked
  When I click on "Home" menu option                 # com.cu.cukes.stepdefs.CommonStepDefs.iClickOnMenuOption(java.lang.String)
---------------------------------------------------------------------
CU Home page title : Home Page - Contoso University
---------------------------------------------------------------------
  Then I should see the "Home" page title            # com.cu.cukes.stepdefs.CommonStepDefs.iShouldSeeThePageTitle(java.lang.String)
About menu option is clicked
  When I click on "About" menu option                # com.cu.cukes.stepdefs.CommonStepDefs.iClickOnMenuOption(java.lang.String)
---------------------------------------------------------------------
CU About page title : Student Body Statistics - Contoso University
---------------------------------------------------------------------
  Then I should see the "About" page title           # com.cu.cukes.stepdefs.CommonStepDefs.iShouldSeeThePageTitle(java.lang.String)
Students menu option is clicked
  When I click on "Students" menu option             # com.cu.cukes.stepdefs.CommonStepDefs.iClickOnMenuOption(java.lang.String)
---------------------------------------------------------------------
CU Students page title : Students - Contoso University
---------------------------------------------------------------------
  Then I should see the "Students" page title        # com.cu.cukes.stepdefs.CommonStepDefs.iShouldSeeThePageTitle(java.lang.String)
Courses menu option is clicked
  When I click on "Courses" menu option              # com.cu.cukes.stepdefs.CommonStepDefs.iClickOnMenuOption(java.lang.String)
---------------------------------------------------------------------
CU Courses page title : Courses - Contoso University
---------------------------------------------------------------------
  Then I should see the "Courses" page title         # com.cu.cukes.stepdefs.CommonStepDefs.iShouldSeeThePageTitle(java.lang.String)
Instructors menu option is clicked
  When I click on "Instructors" menu option          # com.cu.cukes.stepdefs.CommonStepDefs.iClickOnMenuOption(java.lang.String)
---------------------------------------------------------------------
CU Instructors page title : Instructors - Contoso University
---------------------------------------------------------------------
  Then I should see the "Instructors" page title     # com.cu.cukes.stepdefs.CommonStepDefs.iShouldSeeThePageTitle(java.lang.String)
Departments menu option is clicked
  When I click on "Departments" menu option          # com.cu.cukes.stepdefs.CommonStepDefs.iClickOnMenuOption(java.lang.String)
---------------------------------------------------------------------
CU Departments page title : Departments - Contoso University
---------------------------------------------------------------------
  Then I should see the "Departments" page title     # com.cu.cukes.stepdefs.CommonStepDefs.iShouldSeeThePageTitle(java.lang.String)
1 - Validate Contoso University Menu links Status - PASSED
]]></system-out>
  </testcase>
  <testcase name="1 - Validate Contoso University Students page" classname="Contoso University Students page #2" time="0.644">
    <system-out><![CDATA[
@Reg
Scenario: 1 - Validate Contoso University Students page # src/main/resources/features/CUStudentsPage/ValidateCUStudentsPage.feature:7
Starting - 1 - Validate Contoso University Students page
  Given I launch contoso university application         # com.cu.cukes.stepdefs.CommonStepDefs.iLaunchContosoUniversityApplication()
Students menu option is clicked
  When I click on "Students" menu option                # com.cu.cukes.stepdefs.CommonStepDefs.iClickOnMenuOption(java.lang.String)
------------------------------------------------------------------------------------------------
Contoso University Students page validations: 
Validate Header Text : Students
Create New
Find by name:
Last Name First Name Enrollment Date
Pasyavula Sai 2000-06-01 Edit | Details | Delete
Pasyavula Akhil 2022-11-01 Edit | Details | Delete
Pasyavula Venky 2023-05-23 Edit | Details | Delete
Edit
Details
Delete
Students
Create New
Find by name:
Last Name First Name Enrollment Date
Pasyavula Sai 2000-06-01 Edit | Details | Delete
Pasyavula Akhil 2022-11-01 Edit | Details | Delete
Pasyavula Venky 2023-05-23 Edit | Details | Delete

Page 1 of 2
1
2
»
© 2024 - Contoso University
1
Validate pages Text : 1
------------------------------------------------------------------------------------------------
  Then I validate contoso university "Students" page    # com.cu.cukes.stepdefs.CommonStepDefs.iValidateContosoUniversityPage(java.lang.String)
1 - Validate Contoso University Students page Status - PASSED
]]></system-out>
  </testcase>
</testsuite>